SonarQube plugins:
  - Python Code Quality and Security 3.4.1.8066 (python)
  - CSS Code Quality and Security 1.4.2.2002 (cssfamily)
  - Go Code Quality and Security 1.8.3.2219 (go)
  - JaCoCo 1.1.1.1157 (jacoco)
  - Kotlin Code Quality and Security 1.8.3.2219 (kotlin)
  - JavaScript/TypeScript Code Quality and Security 7.4.2.15501 (javascript)
  - Ruby Code Quality and Security 1.8.3.2219 (ruby)
  - Scala Code Quality and Security 1.8.3.2219 (sonarscala)
  - C# Code Quality and Security 8.22.0.31243 (csharp)
  - Java Code Quality and Security 6.15.1.26025 (java)
  - HTML Code Quality and Security 3.4.0.2754 (web)
  - Flex Code Quality and Security 2.6.1.2564 (flex)
  - XML Code Quality and Security 2.2.0.2973 (xml)
  - PHP Code Quality and Security 3.17.0.7439 (php)
  - VB.NET Code Quality and Security 8.22.0.31243 (vbnet)
Global server settings:
  - sonar.core.id=BF41A1F2-AXlakBFSU0lpk-n_bRwF
  - sonar.core.startTime=2021-05-11T09:06:21+0000
  - sonar.forceAuthentication=true
Project server settings:
Project scanner properties:
  - sonar.host.url=http://localhost:9000
  - sonar.jdbc.password=******
  - sonar.jdbc.url=jdbc:postgresql://localhost/sonar
  - sonar.jdbc.username=sonar
  - sonar.login=******
  - sonar.modules=allLangagesPart
  - sonar.projectBaseDir=/media/yannis/DATAS/yanniscode-session/Documents/projets_web-perso/sakana/ukquotas_datavizfish/dernier/post-deploy/yanniscode/import-de-github/ukquota.dataviz.fish-post-deploy
  - sonar.projectKey=sakana:frontend
  - sonar.projectName=Sakana Frontend
  - sonar.projectVersion=1.0
  - sonar.scanner.app=ScannerCLI
  - sonar.scanner.appVersion=4.6.1.2450
  - sonar.sourceEncoding=UTF-8
  - sonar.verbose=true
  - sonar.working.directory=/media/yannis/DATAS/yanniscode-session/Documents/projets_web-perso/sakana/ukquotas_datavizfish/dernier/post-deploy/yanniscode/import-de-github/ukquota.dataviz.fish-post-deploy/.scannerwork
Scanner properties of module: sakana:frontend:allLangagesPart
  - sonar.moduleKey=sakana:frontend:allLangagesPart
  - sonar.projectKey=sakana:frontend:allLangagesPart
  - sonar.projectName=allLangagesPart
  - sonar.sources=src
